#
# A fatal error has been detected by the Java Runtime Environment:
#
#  EXCEPTION_ACCESS_VIOLATION (0xc0000005) at pc=0x035bc5b5, pid=6544, tid=6568
#
# JRE version: 6.0_23-b05
# Java VM: Java HotSpot(TM) Client VM (19.0-b09 mixed mode windows-x86 )
# Problematic frame:
# C  [OpenAL32.dll+0x1c5b5]
#
# If you would like to submit a bug report, please visit:
#   http://java.sun.com/webapps/bugreport/crash.jsp
#

---------------  T H R E A D  ---------------

Current thread (0x02b62800):  VMThread [stack: 0x02bf0000,0x02c40000] [id=6568]

siginfo: ExceptionCode=0xc0000005, reading address 0x0371c8b8

Registers:
EAX=0x0371c8b8, EBX=0x00000000, ECX=0x03604608, EDX=0x00000000
ESP=0x02c3fbcc, EBP=0x02c3fc50, ESI=0x036045c8, EDI=0x00000000
EIP=0x035bc5b5, EFLAGS=0x00010202

Register to memory mapping:

EAX=0x0371c8b8

[error occurred during error reporting (printing registers, top of stack, instructions near pc), id 0xc0000005]

Stack: [0x02bf0000,0x02c40000],  sp=0x02c3fbcc,  free space=318k
Native frames: (J=compiled Java code, j=interpreted, Vv=VM code, C=native code)
C  [OpenAL32.dll+0x1c5b5]
C  [OpenAL32.dll+0x21b6c]
C  [ntdll.dll+0x118a]
C  [ntdll.dll+0x224ca]
C  [kernel32.dll+0x1caae]
C  [kernel32.dll+0x1cb26]
C  [msvcr71.dll+0x8d04]
C  [msvcr71.dll+0x8d11]
V  [jvm.dll+0x203ded]
V  [jvm.dll+0x20310e]
V  [jvm.dll+0x203430]
V  [jvm.dll+0x203832]
V  [jvm.dll+0x18843c]
C  [msvcr71.dll+0x9565]
C  [kernel32.dll+0xb729]

VM_Operation (0x02fcf870): Exit, mode: safepoint, requested by thread 0x02be8000


---------------  P R O C E S S  ---------------

Java Threads: ( => current thread )
  0x05d46c00 JavaThread "AWT-Shutdown" [_thread_blocked, id=7248, stack(0x0caa0000,0x0caf0000)]
  0x08a4cc00 JavaThread "Thread-6" [_thread_blocked, id=6820, stack(0x04db0000,0x04e00000)]
  0x02ed7400 JavaThread "Java2D Disposer" daemon [_thread_blocked, id=6748, stack(0x03ab0000,0x03b00000)]
  0x02eef400 JavaThread "jME3 Audio Thread" daemon [_thread_blocked, id=6728, stack(0x034d0000,0x03520000)]
  0x002b8000 JavaThread "DestroyJavaVM" [_thread_blocked, id=6564, stack(0x008c0000,0x00910000)]
  0x02e49400 JavaThread "Headless Application Thread" [_thread_blocked, id=6720, stack(0x03260000,0x032b0000)]
  0x02de4400 JavaThread "Low Memory Detector" daemon [_thread_blocked, id=6712, stack(0x03300000,0x03350000)]
  0x02ddec00 JavaThread "CompilerThread0" daemon [_thread_blocked, id=6708, stack(0x032b0000,0x03300000)]
  0x02db2800 JavaThread "*** Profiler Agent Special Execution Thread 6" daemon [_thread_blocked, id=6640, stack(0x030a0000,0x030f0000)]
  0x02befc00 JavaThread "*** JFluid Monitor thread ***" daemon [_thread_blocked, id=6636, stack(0x03050000,0x030a0000)]
  0x02be8000 JavaThread "*** Profiler Agent Communication Thread" daemon [_thread_blocked, id=6588, stack(0x02f80000,0x02fd0000)]
  0x02b8e400 JavaThread "Attach Listener" daemon [_thread_blocked, id=6584, stack(0x02d30000,0x02d80000)]
  0x02b68c00 JavaThread "Finalizer" daemon [_thread_blocked, id=6576, stack(0x02c90000,0x02ce0000)]
  0x02b67400 JavaThread "Reference Handler" daemon [_thread_blocked, id=6572, stack(0x02c40000,0x02c90000)]

Other Threads:
=>0x02b62800 VMThread [stack: 0x02bf0000,0x02c40000] [id=6568]

VM state:at safepoint (shutting down)

VM Mutex/Monitor currently owned by a thread:  ([mutex/lock_event])
[0x002b7070] Threads_lock - owner thread: 0x02b62800

Heap
 def new generation   total 10944K, used 8581K [0x10010000, 0x10be0000, 0x15560000)
  eden space 9792K,  87% used [0x10010000, 0x1086db08, 0x109a0000)
  from space 1152K,   1% used [0x10ac0000, 0x10ac39d8, 0x10be0000)
  to   space 1152K,   0% used [0x109a0000, 0x109a0000, 0x10ac0000)
 tenured generation   total 24168K, used 17682K [0x15560000, 0x16cfa000, 0x20010000)
   the space 24168K,  73% used [0x15560000, 0x166a49b0, 0x166a4a00, 0x16cfa000)
 compacting perm gen  total 12288K, used 11862K [0x20010000, 0x20c10000, 0x24010000)
   the space 12288K,  96% used [0x20010000, 0x20ba5bb8, 0x20ba5c00, 0x20c10000)
No shared spaces configured.

Dynamic libraries:
0x00400000 - 0x00424000 	D:\Program Files\Java\jdk1.6.0_23\bin\java.exe
0x7c900000 - 0x7c9b2000 	C:\WINDOWS2\system32\ntdll.dll
0x7c800000 - 0x7c8f6000 	C:\WINDOWS2\system32\kernel32.dll
0x77dd0000 - 0x77e6b000 	C:\WINDOWS2\system32\ADVAPI32.dll
0x77e70000 - 0x77f03000 	C:\WINDOWS2\system32\RPCRT4.dll
0x77fe0000 - 0x77ff1000 	C:\WINDOWS2\system32\Secur32.dll
0x7c340000 - 0x7c396000 	D:\Program Files\Java\jdk1.6.0_23\jre\bin\msvcr71.dll
0x6d8a0000 - 0x6db4c000 	D:\Program Files\Java\jdk1.6.0_23\jre\bin\client\jvm.dll
0x7e410000 - 0x7e4a1000 	C:\WINDOWS2\system32\USER32.dll
0x77f10000 - 0x77f59000 	C:\WINDOWS2\system32\GDI32.dll
0x76b40000 - 0x76b6d000 	C:\WINDOWS2\system32\WINMM.dll
0x76390000 - 0x763ad000 	C:\WINDOWS2\system32\IMM32.DLL
0x629c0000 - 0x629c9000 	C:\WINDOWS2\system32\LPK.DLL
0x74d90000 - 0x74dfb000 	C:\WINDOWS2\system32\USP10.dll
0x6d850000 - 0x6d85c000 	D:\Program Files\Java\jdk1.6.0_23\jre\bin\verify.dll
0x6d3d0000 - 0x6d3ef000 	D:\Program Files\Java\jdk1.6.0_23\jre\bin\java.dll
0x6d330000 - 0x6d338000 	D:\Program Files\Java\jdk1.6.0_23\jre\bin\hpi.dll
0x76bf0000 - 0x76bfb000 	C:\WINDOWS2\system32\PSAPI.DLL
0x10000000 - 0x10009000 	C:\Documents and Settings\blah.EVAN-51B80CBFB2\Application Data\.jmonkeyplatform\dev\lib\deployed\jdk16\windows\profilerinterface.dll
0x77c10000 - 0x77c68000 	C:\WINDOWS2\system32\MSVCRT.dll
0x6d890000 - 0x6d89f000 	D:\Program Files\Java\jdk1.6.0_23\jre\bin\zip.dll
0x6d6b0000 - 0x6d6c3000 	D:\Program Files\Java\jdk1.6.0_23\jre\bin\net.dll
0x71ab0000 - 0x71ac7000 	C:\WINDOWS2\system32\WS2_32.dll
0x71aa0000 - 0x71aa8000 	C:\WINDOWS2\system32\WS2HELP.dll
0x71a50000 - 0x71a8f000 	C:\WINDOWS2\system32\mswsock.dll
0x662b0000 - 0x66308000 	C:\WINDOWS2\system32\hnetcfg.dll
0x71a90000 - 0x71a98000 	C:\WINDOWS2\System32\wshtcpip.dll
0x6d600000 - 0x6d609000 	D:\Program Files\Java\jdk1.6.0_23\jre\bin\management.dll
0x68000000 - 0x68036000 	C:\WINDOWS2\system32\rsaenh.dll
0x769c0000 - 0x76a74000 	C:\WINDOWS2\system32\USERENV.dll
0x5b860000 - 0x5b8b5000 	C:\WINDOWS2\system32\netapi32.dll
0x76f20000 - 0x76f47000 	C:\WINDOWS2\system32\DNSAPI.dll
0x76d60000 - 0x76d79000 	C:\WINDOWS2\system32\iphlpapi.dll
0x76fb0000 - 0x76fb8000 	C:\WINDOWS2\System32\winrnr.dll
0x76f60000 - 0x76f8c000 	C:\WINDOWS2\system32\WLDAP32.dll
0x64000000 - 0x64025000 	C:\Program Files\Bonjour\mdnsNSP.dll
0x76fc0000 - 0x76fc6000 	C:\WINDOWS2\system32\rasadhlp.dll
0x6d6d0000 - 0x6d6d9000 	D:\Program Files\Java\jdk1.6.0_23\jre\bin\nio.dll
0x6d0b0000 - 0x6d1fa000 	D:\Program Files\Java\jdk1.6.0_23\jre\bin\awt.dll
0x73000000 - 0x73026000 	C:\WINDOWS2\system32\WINSPOOL.DRV
0x774e0000 - 0x7761e000 	C:\WINDOWS2\system32\ole32.dll
0x773d0000 - 0x774d3000 	C:\WINDOWS2\WinSxS\x86_Microsoft.Windows.Common-Controls_6595b64144ccf1df_6.0.2600.6028_x-ww_61e65202\COMCTL32.dll
0x77f60000 - 0x77fd6000 	C:\WINDOWS2\system32\SHLWAPI.dll
0x03520000 - 0x03592000 	C:\Documents and Settings\blah.EVAN-51B80CBFB2\My Documents\jMonkeyProjects\Blade\lwjgl.dll
0x5ed00000 - 0x5edcc000 	C:\WINDOWS2\system32\OPENGL32.dll
0x68b20000 - 0x68b40000 	C:\WINDOWS2\system32\GLU32.dll
0x73760000 - 0x737ab000 	C:\WINDOWS2\system32\DDRAW.dll
0x73bc0000 - 0x73bc6000 	C:\WINDOWS2\system32\DCIMAN32.dll
0x77c00000 - 0x77c08000 	C:\WINDOWS2\system32\VERSION.dll
0x035a0000 - 0x035f0000 	C:\Documents and Settings\blah.EVAN-51B80CBFB2\My Documents\jMonkeyProjects\Blade\OpenAL32.dll
0x7c9c0000 - 0x7d1d7000 	C:\WINDOWS2\system32\SHELL32.dll
0x73f10000 - 0x73f6c000 	C:\WINDOWS2\system32\dsound.dll
0x76c30000 - 0x76c5e000 	C:\WINDOWS2\system32\WINTRUST.dll
0x77a80000 - 0x77b15000 	C:\WINDOWS2\system32\CRYPT32.dll
0x77b20000 - 0x77b32000 	C:\WINDOWS2\system32\MSASN1.dll
0x76c90000 - 0x76cb8000 	C:\WINDOWS2\system32\IMAGEHLP.dll
0x72d20000 - 0x72d29000 	C:\WINDOWS2\system32\wdmaud.drv
0x72d10000 - 0x72d18000 	C:\WINDOWS2\system32\msacm32.drv
0x77be0000 - 0x77bf5000 	C:\WINDOWS2\system32\MSACM32.dll
0x77bd0000 - 0x77bd7000 	C:\WINDOWS2\system32\midimap.dll
0x73ee0000 - 0x73ee4000 	C:\WINDOWS2\system32\KsUser.dll
0x6d4f0000 - 0x6d515000 	D:\Program Files\Java\jdk1.6.0_23\jre\bin\jpeg.dll
0x6d2e0000 - 0x6d32f000 	D:\Program Files\Java\jdk1.6.0_23\jre\bin\fontmanager.dll
0x60c40000 - 0x60ca9000 	C:\PROGRAM FILES\NORTON SECURITY SUITE\ENGINE\4.3.0.5\ASOEHOOK.DLL
0x77120000 - 0x771ab000 	C:\WINDOWS2\system32\OLEAUT32.dll
0x78520000 - 0x785c3000 	C:\WINDOWS2\WinSxS\x86_Microsoft.VC90.CRT_1fc8b3b9a1e18e3b_9.0.30729.5570_x-ww_0517bbc6\MSVCR90.dll
0x78480000 - 0x7850e000 	C:\WINDOWS2\WinSxS\x86_Microsoft.VC90.CRT_1fc8b3b9a1e18e3b_9.0.30729.5570_x-ww_0517bbc6\MSVCP90.dll
0x74720000 - 0x7476c000 	C:\WINDOWS2\system32\MSCTF.dll
0x755c0000 - 0x755ee000 	C:\WINDOWS2\system32\msctfime.ime

VM Arguments:
jvm_args: -agentpath:C:/Documents and Settings/blah.EVAN-51B80CBFB2/Application Data/.jmonkeyplatform/dev/lib/deployed/jdk16/windows/profilerinterface.dll=C:\Documents and Settings\blah.EVAN-51B80CBFB2\Application Data\.jmonkeyplatform\dev\lib,5140,10 -XX:MaxDirectMemorySize=128m -XX:+HeapDumpOnOutOfMemoryError -XX:HeapDumpPath=C:\Documents and Settings\blah.EVAN-51B80CBFB2\My Documents\jMonkeyProjects\Blade\nbproject\private\profiler 
java_command: mygame.BladeMain server
Launcher Type: SUN_STANDARD

Environment Variables:
CLASSPATH=.;D:\Program Files\Java\jre6\lib\ext\QTJava.zip
PATH=C:\Program Files\ImageMagick-6.6.7-Q16;C:\Program Files\NVIDIA Corporation\PhysX\Common;C:\WINDOWS2\system32;C:\WINDOWS2;C:\WINDOWS2\System32\Wbem;C:\msys\1.0\bin;C:\mingw\bin;C:\Program Files\Microsoft SQL Server\90\Tools\binn\;c:\Program Files\Microsoft SQL Server\90\DTS\Binn\;H:\Microchip\MPLAB IDE\VDI;C:\Program Files\ATI Technologies\ATI.ACE\Core-Static;C:\Program Files\QuickTime\QTSystem\;C:\Program Files\NVIDIA Corporation\DDS Utilities;C:\Program Files\TortoiseGit\bin;C:\Program Files\Git\cmd;H:\leiningen-1.5.2-win\lein;C:\msysgit\msysgit\mingw\bin;D:\Python27;H:\cygwin\bin;H:\ghc\ghc-6.10.4\bin;C:\Program Files\Haskell\bin;C:\ghc\ghc-6.10.1\bin;C:\Program Files\Common Files\GTK\2.0\bin;
USERNAME=blah
OS=Windows_NT
PROCESSOR_IDENTIFIER=x86 Family 15 Model 107 Stepping 1, AuthenticAMD



---------------  S Y S T E M  ---------------

OS: Windows XP Build 2600 Service Pack 3

CPU:total 2 (2 cores per cpu, 1 threads per core) family 15 model 107 stepping 1, cmov, cx8, fxsr, mmx, sse, sse2, sse3, mmxext, 3dnow, 3dnowext

Memory: 4k page, physical 3406252k(1712424k free), swap 6646400k(4883096k free)

vm_info: Java HotSpot(TM) Client VM (19.0-b09) for windows-x86 JRE (1.6.0_23-b05), built on Nov 12 2010 15:00:43 by "java_re" with MS VC++ 7.1 (VS2003)

time: Fri Apr 29 14:22:54 2011
elapsed time: 75 seconds

